[ 2020-05-27T17:53:47+08:00 ][ sql ] [ DB ] CONNECT:[ UseTime:0.005919s ] mysql:host=localhost;dbname=cbc;charset=utf8
[ 2020-05-27T17:53:47+08:00 ][ sql ] [ SQL ] SHOW TABLE STATUS LIKE 'sales_money' [ RunTime:0.001605s ]
[ 2020-05-27T17:53:47+08:00 ][ sql ] [ SQL ] SHOW TABLE STATUS LIKE 'fa_sales_money' [ RunTime:0.000504s ]
[ 2020-05-27T17:53:47+08:00 ][ sql ] [ SQL ] SELECT * FROM `information_schema`.`columns` WHERE TABLE_SCHEMA = 'cbc' AND table_name = 'fa_sales_money' ORDER BY ORDINAL_POSITION [ RunTime:0.000717s ]
[ 2020-05-27T17:54:10+08:00 ][ sql ] [ DB ] CONNECT:[ UseTime:0.000864s ] mysql:host=localhost;dbname=cbc;charset=utf8
[ 2020-05-27T17:54:10+08:00 ][ sql ] [ SQL ] SHOW TABLE STATUS LIKE 'sales' [ RunTime:0.000505s ]
[ 2020-05-27T17:54:10+08:00 ][ sql ] [ SQL ] SHOW TABLE STATUS LIKE 'fa_sales' [ RunTime:0.000524s ]
[ 2020-05-27T17:54:10+08:00 ][ sql ] [ SQL ] SELECT * FROM `information_schema`.`columns` WHERE TABLE_SCHEMA = 'cbc' AND table_name = 'fa_sales' ORDER BY ORDINAL_POSITION [ RunTime:0.000579s ]
[ 2020-05-27T17:54:36+08:00 ][ sql ] [ DB ] CONNECT:[ UseTime:0.000812s ] mysql:host=localhost;dbname=cbc;charset=utf8
[ 2020-05-27T17:54:36+08:00 ][ sql ] [ SQL ] SHOW TABLE STATUS LIKE 'orders' [ RunTime:0.000460s ]
[ 2020-05-27T17:54:36+08:00 ][ sql ] [ SQL ] SHOW TABLE STATUS LIKE 'fa_orders' [ RunTime:0.000520s ]
[ 2020-05-27T17:54:36+08:00 ][ sql ] [ SQL ] SELECT * FROM `information_schema`.`columns` WHERE TABLE_SCHEMA = 'cbc' AND table_name = 'fa_orders' ORDER BY ORDINAL_POSITION [ RunTime:0.000641s ]
[ 2020-05-27T17:54:56+08:00 ][ sql ] [ DB ] CONNECT:[ UseTime:0.001038s ] mysql:host=localhost;dbname=cbc;charset=utf8
[ 2020-05-27T17:54:56+08:00 ][ sql ] [ SQL ] SHOW TABLE STATUS LIKE 'staff' [ RunTime:0.000516s ]
[ 2020-05-27T17:54:56+08:00 ][ sql ] [ SQL ] SHOW TABLE STATUS LIKE 'fa_staff' [ RunTime:0.000578s ]
[ 2020-05-27T17:54:56+08:00 ][ sql ] [ SQL ] SELECT * FROM `information_schema`.`columns` WHERE TABLE_SCHEMA = 'cbc' AND table_name = 'fa_staff' ORDER BY ORDINAL_POSITION [ RunTime:0.000566s ]
[ 2020-05-27T17:55:20+08:00 ][ sql ] [ DB ] CONNECT:[ UseTime:0.000758s ] mysql:host=localhost;dbname=cbc;charset=utf8
[ 2020-05-27T17:55:20+08:00 ][ sql ] [ SQL ] SHOW TABLE STATUS LIKE 'customer' [ RunTime:0.000472s ]
[ 2020-05-27T17:55:20+08:00 ][ sql ] [ SQL ] SHOW TABLE STATUS LIKE 'fa_customer' [ RunTime:0.000528s ]
[ 2020-05-27T17:55:20+08:00 ][ sql ] [ SQL ] SELECT * FROM `information_schema`.`columns` WHERE TABLE_SCHEMA = 'cbc' AND table_name = 'fa_customer' ORDER BY ORDINAL_POSITION [ RunTime:0.000616s ]
[ 2020-05-27T17:55:43+08:00 ][ sql ] [ DB ] CONNECT:[ UseTime:0.000844s ] mysql:host=localhost;dbname=cbc;charset=utf8
[ 2020-05-27T17:55:43+08:00 ][ sql ] [ SQL ] SHOW COLUMNS FROM `fa_auth_rule` [ RunTime:0.000732s ]
[ 2020-05-27T17:55:43+08:00 ][ sql ] [ SQL ] SELECT * FROM `fa_auth_rule` WHERE  `name` = 'sales_money' LIMIT 1 [ RunTime:0.000957s ]
[ 2020-05-27T17:55:43+08:00 ][ sql ] [ SQL ] INSERT INTO `fa_auth_rule` (`pid` , `name` , `title` , `icon` , `remark` , `ismenu` , `status` , `createtime` , `updatetime`) VALUES (0 , 'sales_money' , '销售额' , 'fa fa-circle-o' , '' , 1 , 'normal' , 1590573343 , 1590573343) [ RunTime:0.000689s ]
[ 2020-05-27T17:55:43+08:00 ][ sql ] [ SQL ] SELECT `id` FROM `fa_auth_rule` WHERE  `name` = 'sales_money/index' LIMIT 1 [ RunTime:0.000332s ]
[ 2020-05-27T17:55:43+08:00 ][ sql ] [ SQL ] SELECT `id` FROM `fa_auth_rule` WHERE  `name` = 'sales_money/add' LIMIT 1 [ RunTime:0.000236s ]
[ 2020-05-27T17:55:43+08:00 ][ sql ] [ SQL ] SELECT `id` FROM `fa_auth_rule` WHERE  `name` = 'sales_money/edit' LIMIT 1 [ RunTime:0.000243s ]
[ 2020-05-27T17:55:43+08:00 ][ sql ] [ SQL ] SELECT `id` FROM `fa_auth_rule` WHERE  `name` = 'sales_money/del' LIMIT 1 [ RunTime:0.000242s ]
[ 2020-05-27T17:55:43+08:00 ][ sql ] [ SQL ] SELECT `id` FROM `fa_auth_rule` WHERE  `name` = 'sales_money/multi' LIMIT 1 [ RunTime:0.000235s ]
[ 2020-05-27T17:55:43+08:00 ][ sql ] [ SQL ] INSERT INTO `fa_auth_rule` (`id` , `pid` , `name` , `icon` , `title` , `ismenu` , `status` , `createtime` , `updatetime`) VALUES (NULL , 85 , 'sales_money/index' , 'fa fa-circle-o' , '查看' , 0 , 'normal' , 1590573343 , 1590573343) [ RunTime:0.000364s ]
[ 2020-05-27T17:55:43+08:00 ][ sql ] [ SQL ] INSERT INTO `fa_auth_rule` (`id` , `pid` , `name` , `icon` , `title` , `ismenu` , `status` , `createtime` , `updatetime`) VALUES (NULL , 85 , 'sales_money/add' , 'fa fa-circle-o' , '添加' , 0 , 'normal' , 1590573343 , 1590573343) [ RunTime:0.000320s ]
[ 2020-05-27T17:55:43+08:00 ][ sql ] [ SQL ] INSERT INTO `fa_auth_rule` (`id` , `pid` , `name` , `icon` , `title` , `ismenu` , `status` , `createtime` , `updatetime`) VALUES (NULL , 85 , 'sales_money/edit' , 'fa fa-circle-o' , '编辑' , 0 , 'normal' , 1590573343 , 1590573343) [ RunTime:0.000261s ]
[ 2020-05-27T17:55:43+08:00 ][ sql ] [ SQL ] INSERT INTO `fa_auth_rule` (`id` , `pid` , `name` , `icon` , `title` , `ismenu` , `status` , `createtime` , `updatetime`) VALUES (NULL , 85 , 'sales_money/del' , 'fa fa-circle-o' , '删除' , 0 , 'normal' , 1590573343 , 1590573343) [ RunTime:0.000330s ]
[ 2020-05-27T17:55:43+08:00 ][ sql ] [ SQL ] INSERT INTO `fa_auth_rule` (`id` , `pid` , `name` , `icon` , `title` , `ismenu` , `status` , `createtime` , `updatetime`) VALUES (NULL , 85 , 'sales_money/multi' , 'fa fa-circle-o' , '批量更新' , 0 , 'normal' , 1590573343 , 1590573343) [ RunTime:0.000351s ]
[ 2020-05-27T17:55:49+08:00 ][ sql ] [ DB ] CONNECT:[ UseTime:0.000734s ] mysql:host=localhost;dbname=cbc;charset=utf8
[ 2020-05-27T17:55:49+08:00 ][ sql ] [ SQL ] SHOW COLUMNS FROM `fa_auth_rule` [ RunTime:0.000667s ]
[ 2020-05-27T17:55:49+08:00 ][ sql ] [ SQL ] SELECT * FROM `fa_auth_rule` WHERE  `name` = 'sales' LIMIT 1 [ RunTime:0.000351s ]
[ 2020-05-27T17:55:49+08:00 ][ sql ] [ SQL ] INSERT INTO `fa_auth_rule` (`pid` , `name` , `title` , `icon` , `remark` , `ismenu` , `status` , `createtime` , `updatetime`) VALUES (0 , 'sales' , '销量' , 'fa fa-circle-o' , '' , 1 , 'normal' , 1590573349 , 1590573349) [ RunTime:0.001519s ]
[ 2020-05-27T17:55:49+08:00 ][ sql ] [ SQL ] SELECT `id` FROM `fa_auth_rule` WHERE  `name` = 'sales/index' LIMIT 1 [ RunTime:0.000289s ]
[ 2020-05-27T17:55:49+08:00 ][ sql ] [ SQL ] SELECT `id` FROM `fa_auth_rule` WHERE  `name` = 'sales/add' LIMIT 1 [ RunTime:0.000192s ]
[ 2020-05-27T17:55:49+08:00 ][ sql ] [ SQL ] SELECT `id` FROM `fa_auth_rule` WHERE  `name` = 'sales/edit' LIMIT 1 [ RunTime:0.000190s ]
[ 2020-05-27T17:55:49+08:00 ][ sql ] [ SQL ] SELECT `id` FROM `fa_auth_rule` WHERE  `name` = 'sales/del' LIMIT 1 [ RunTime:0.000175s ]
[ 2020-05-27T17:55:49+08:00 ][ sql ] [ SQL ] SELECT `id` FROM `fa_auth_rule` WHERE  `name` = 'sales/multi' LIMIT 1 [ RunTime:0.000182s ]
[ 2020-05-27T17:55:49+08:00 ][ sql ] [ SQL ] INSERT INTO `fa_auth_rule` (`id` , `pid` , `name` , `icon` , `title` , `ismenu` , `status` , `createtime` , `updatetime`) VALUES (NULL , 91 , 'sales/index' , 'fa fa-circle-o' , '查看' , 0 , 'normal' , 1590573349 , 1590573349) [ RunTime:0.000254s ]
[ 2020-05-27T17:55:49+08:00 ][ sql ] [ SQL ] INSERT INTO `fa_auth_rule` (`id` , `pid` , `name` , `icon` , `title` , `ismenu` , `status` , `createtime` , `updatetime`) VALUES (NULL , 91 , 'sales/add' , 'fa fa-circle-o' , '添加' , 0 , 'normal' , 1590573349 , 1590573349) [ RunTime:0.000188s ]
[ 2020-05-27T17:55:49+08:00 ][ sql ] [ SQL ] INSERT INTO `fa_auth_rule` (`id` , `pid` , `name` , `icon` , `title` , `ismenu` , `status` , `createtime` , `updatetime`) VALUES (NULL , 91 , 'sales/edit' , 'fa fa-circle-o' , '编辑' , 0 , 'normal' , 1590573349 , 1590573349) [ RunTime:0.000175s ]
[ 2020-05-27T17:55:49+08:00 ][ sql ] [ SQL ] INSERT INTO `fa_auth_rule` (`id` , `pid` , `name` , `icon` , `title` , `ismenu` , `status` , `createtime` , `updatetime`) VALUES (NULL , 91 , 'sales/del' , 'fa fa-circle-o' , '删除' , 0 , 'normal' , 1590573349 , 1590573349) [ RunTime:0.000206s ]
[ 2020-05-27T17:55:49+08:00 ][ sql ] [ SQL ] INSERT INTO `fa_auth_rule` (`id` , `pid` , `name` , `icon` , `title` , `ismenu` , `status` , `createtime` , `updatetime`) VALUES (NULL , 91 , 'sales/multi' , 'fa fa-circle-o' , '批量更新' , 0 , 'normal' , 1590573349 , 1590573349) [ RunTime:0.000353s ]
[ 2020-05-27T17:55:55+08:00 ][ sql ] [ DB ] CONNECT:[ UseTime:0.001031s ] mysql:host=localhost;dbname=cbc;charset=utf8
[ 2020-05-27T17:55:55+08:00 ][ sql ] [ SQL ] SHOW COLUMNS FROM `fa_auth_rule` [ RunTime:0.000842s ]
[ 2020-05-27T17:55:55+08:00 ][ sql ] [ SQL ] SELECT * FROM `fa_auth_rule` WHERE  `name` = 'orders' LIMIT 1 [ RunTime:0.000426s ]
[ 2020-05-27T17:55:55+08:00 ][ sql ] [ SQL ] INSERT INTO `fa_auth_rule` (`pid` , `name` , `title` , `icon` , `remark` , `ismenu` , `status` , `createtime` , `updatetime`) VALUES (0 , 'orders' , '历史订单' , 'fa fa-circle-o' , '' , 1 , 'normal' , 1590573355 , 1590573355) [ RunTime:0.000593s ]
[ 2020-05-27T17:55:55+08:00 ][ sql ] [ SQL ] SELECT `id` FROM `fa_auth_rule` WHERE  `name` = 'orders/index' LIMIT 1 [ RunTime:0.000249s ]
[ 2020-05-27T17:55:55+08:00 ][ sql ] [ SQL ] SELECT `id` FROM `fa_auth_rule` WHERE  `name` = 'orders/add' LIMIT 1 [ RunTime:0.000196s ]
[ 2020-05-27T17:55:55+08:00 ][ sql ] [ SQL ] SELECT `id` FROM `fa_auth_rule` WHERE  `name` = 'orders/edit' LIMIT 1 [ RunTime:0.000188s ]
[ 2020-05-27T17:55:55+08:00 ][ sql ] [ SQL ] SELECT `id` FROM `fa_auth_rule` WHERE  `name` = 'orders/del' LIMIT 1 [ RunTime:0.000211s ]
[ 2020-05-27T17:55:55+08:00 ][ sql ] [ SQL ] SELECT `id` FROM `fa_auth_rule` WHERE  `name` = 'orders/multi' LIMIT 1 [ RunTime:0.000210s ]
[ 2020-05-27T17:55:55+08:00 ][ sql ] [ SQL ] INSERT INTO `fa_auth_rule` (`id` , `pid` , `name` , `icon` , `title` , `ismenu` , `status` , `createtime` , `updatetime`) VALUES (NULL , 97 , 'orders/index' , 'fa fa-circle-o' , '查看' , 0 , 'normal' , 1590573355 , 1590573355) [ RunTime:0.000229s ]
[ 2020-05-27T17:55:55+08:00 ][ sql ] [ SQL ] INSERT INTO `fa_auth_rule` (`id` , `pid` , `name` , `icon` , `title` , `ismenu` , `status` , `createtime` , `updatetime`) VALUES (NULL , 97 , 'orders/add' , 'fa fa-circle-o' , '添加' , 0 , 'normal' , 1590573355 , 1590573355) [ RunTime:0.000478s ]
[ 2020-05-27T17:55:55+08:00 ][ sql ] [ SQL ] INSERT INTO `fa_auth_rule` (`id` , `pid` , `name` , `icon` , `title` , `ismenu` , `status` , `createtime` , `updatetime`) VALUES (NULL , 97 , 'orders/edit' , 'fa fa-circle-o' , '编辑' , 0 , 'normal' , 1590573355 , 1590573355) [ RunTime:0.000398s ]
[ 2020-05-27T17:55:55+08:00 ][ sql ] [ SQL ] INSERT INTO `fa_auth_rule` (`id` , `pid` , `name` , `icon` , `title` , `ismenu` , `status` , `createtime` , `updatetime`) VALUES (NULL , 97 , 'orders/del' , 'fa fa-circle-o' , '删除' , 0 , 'normal' , 1590573355 , 1590573355) [ RunTime:0.000381s ]
[ 2020-05-27T17:55:55+08:00 ][ sql ] [ SQL ] INSERT INTO `fa_auth_rule` (`id` , `pid` , `name` , `icon` , `title` , `ismenu` , `status` , `createtime` , `updatetime`) VALUES (NULL , 97 , 'orders/multi' , 'fa fa-circle-o' , '批量更新' , 0 , 'normal' , 1590573355 , 1590573355) [ RunTime:0.000402s ]
[ 2020-05-27T17:56:01+08:00 ][ sql ] [ DB ] CONNECT:[ UseTime:0.000963s ] mysql:host=localhost;dbname=cbc;charset=utf8
[ 2020-05-27T17:56:01+08:00 ][ sql ] [ SQL ] SHOW COLUMNS FROM `fa_auth_rule` [ RunTime:0.000682s ]
[ 2020-05-27T17:56:01+08:00 ][ sql ] [ SQL ] SELECT * FROM `fa_auth_rule` WHERE  `name` = 'staff' LIMIT 1 [ RunTime:0.000588s ]
[ 2020-05-27T17:56:01+08:00 ][ sql ] [ SQL ] INSERT INTO `fa_auth_rule` (`pid` , `name` , `title` , `icon` , `remark` , `ismenu` , `status` , `createtime` , `updatetime`) VALUES (0 , 'staff' , '员工信息' , 'fa fa-circle-o' , '' , 1 , 'normal' , 1590573361 , 1590573361) [ RunTime:0.000650s ]
[ 2020-05-27T17:56:01+08:00 ][ sql ] [ SQL ] SELECT `id` FROM `fa_auth_rule` WHERE  `name` = 'staff/index' LIMIT 1 [ RunTime:0.000328s ]
[ 2020-05-27T17:56:01+08:00 ][ sql ] [ SQL ] SELECT `id` FROM `fa_auth_rule` WHERE  `name` = 'staff/add' LIMIT 1 [ RunTime:0.000174s ]
[ 2020-05-27T17:56:01+08:00 ][ sql ] [ SQL ] SELECT `id` FROM `fa_auth_rule` WHERE  `name` = 'staff/edit' LIMIT 1 [ RunTime:0.000184s ]
[ 2020-05-27T17:56:01+08:00 ][ sql ] [ SQL ] SELECT `id` FROM `fa_auth_rule` WHERE  `name` = 'staff/del' LIMIT 1 [ RunTime:0.000176s ]
[ 2020-05-27T17:56:01+08:00 ][ sql ] [ SQL ] SELECT `id` FROM `fa_auth_rule` WHERE  `name` = 'staff/multi' LIMIT 1 [ RunTime:0.000191s ]
[ 2020-05-27T17:56:01+08:00 ][ sql ] [ SQL ] INSERT INTO `fa_auth_rule` (`id` , `pid` , `name` , `icon` , `title` , `ismenu` , `status` , `createtime` , `updatetime`) VALUES (NULL , 103 , 'staff/index' , 'fa fa-circle-o' , '查看' , 0 , 'normal' , 1590573361 , 1590573361) [ RunTime:0.000224s ]
[ 2020-05-27T17:56:01+08:00 ][ sql ] [ SQL ] INSERT INTO `fa_auth_rule` (`id` , `pid` , `name` , `icon` , `title` , `ismenu` , `status` , `createtime` , `updatetime`) VALUES (NULL , 103 , 'staff/add' , 'fa fa-circle-o' , '添加' , 0 , 'normal' , 1590573361 , 1590573361) [ RunTime:0.000202s ]
[ 2020-05-27T17:56:01+08:00 ][ sql ] [ SQL ] INSERT INTO `fa_auth_rule` (`id` , `pid` , `name` , `icon` , `title` , `ismenu` , `status` , `createtime` , `updatetime`) VALUES (NULL , 103 , 'staff/edit' , 'fa fa-circle-o' , '编辑' , 0 , 'normal' , 1590573361 , 1590573361) [ RunTime:0.000187s ]
[ 2020-05-27T17:56:01+08:00 ][ sql ] [ SQL ] INSERT INTO `fa_auth_rule` (`id` , `pid` , `name` , `icon` , `title` , `ismenu` , `status` , `createtime` , `updatetime`) VALUES (NULL , 103 , 'staff/del' , 'fa fa-circle-o' , '删除' , 0 , 'normal' , 1590573361 , 1590573361) [ RunTime:0.000185s ]
[ 2020-05-27T17:56:01+08:00 ][ sql ] [ SQL ] INSERT INTO `fa_auth_rule` (`id` , `pid` , `name` , `icon` , `title` , `ismenu` , `status` , `createtime` , `updatetime`) VALUES (NULL , 103 , 'staff/multi' , 'fa fa-circle-o' , '批量更新' , 0 , 'normal' , 1590573361 , 1590573361) [ RunTime:0.000358s ]
[ 2020-05-27T17:56:13+08:00 ][ sql ] [ DB ] CONNECT:[ UseTime:0.000846s ] mysql:host=localhost;dbname=cbc;charset=utf8
[ 2020-05-27T17:56:13+08:00 ][ sql ] [ SQL ] SHOW COLUMNS FROM `fa_auth_rule` [ RunTime:0.000745s ]
[ 2020-05-27T17:56:13+08:00 ][ sql ] [ SQL ] SELECT * FROM `fa_auth_rule` WHERE  `name` = 'customer' LIMIT 1 [ RunTime:0.000354s ]
[ 2020-05-27T17:56:13+08:00 ][ sql ] [ SQL ] INSERT INTO `fa_auth_rule` (`pid` , `name` , `title` , `icon` , `remark` , `ismenu` , `status` , `createtime` , `updatetime`) VALUES (0 , 'customer' , '顾客信息' , 'fa fa-circle-o' , '' , 1 , 'normal' , 1590573373 , 1590573373) [ RunTime:0.000615s ]
[ 2020-05-27T17:56:13+08:00 ][ sql ] [ SQL ] SELECT `id` FROM `fa_auth_rule` WHERE  `name` = 'customer/index' LIMIT 1 [ RunTime:0.000327s ]
[ 2020-05-27T17:56:13+08:00 ][ sql ] [ SQL ] SELECT `id` FROM `fa_auth_rule` WHERE  `name` = 'customer/add' LIMIT 1 [ RunTime:0.000188s ]
[ 2020-05-27T17:56:13+08:00 ][ sql ] [ SQL ] SELECT `id` FROM `fa_auth_rule` WHERE  `name` = 'customer/edit' LIMIT 1 [ RunTime:0.000185s ]
[ 2020-05-27T17:56:13+08:00 ][ sql ] [ SQL ] SELECT `id` FROM `fa_auth_rule` WHERE  `name` = 'customer/del' LIMIT 1 [ RunTime:0.000178s ]
[ 2020-05-27T17:56:13+08:00 ][ sql ] [ SQL ] SELECT `id` FROM `fa_auth_rule` WHERE  `name` = 'customer/multi' LIMIT 1 [ RunTime:0.000188s ]
[ 2020-05-27T17:56:13+08:00 ][ sql ] [ SQL ] INSERT INTO `fa_auth_rule` (`id` , `pid` , `name` , `icon` , `title` , `ismenu` , `status` , `createtime` , `updatetime`) VALUES (NULL , 109 , 'customer/index' , 'fa fa-circle-o' , '查看' , 0 , 'normal' , 1590573373 , 1590573373) [ RunTime:0.000245s ]
[ 2020-05-27T17:56:13+08:00 ][ sql ] [ SQL ] INSERT INTO `fa_auth_rule` (`id` , `pid` , `name` , `icon` , `title` , `ismenu` , `status` , `createtime` , `updatetime`) VALUES (NULL , 109 , 'customer/add' , 'fa fa-circle-o' , '添加' , 0 , 'normal' , 1590573373 , 1590573373) [ RunTime:0.000198s ]
[ 2020-05-27T17:56:13+08:00 ][ sql ] [ SQL ] INSERT INTO `fa_auth_rule` (`id` , `pid` , `name` , `icon` , `title` , `ismenu` , `status` , `createtime` , `updatetime`) VALUES (NULL , 109 , 'customer/edit' , 'fa fa-circle-o' , '编辑' , 0 , 'normal' , 1590573373 , 1590573373) [ RunTime:0.000211s ]
[ 2020-05-27T17:56:13+08:00 ][ sql ] [ SQL ] INSERT INTO `fa_auth_rule` (`id` , `pid` , `name` , `icon` , `title` , `ismenu` , `status` , `createtime` , `updatetime`) VALUES (NULL , 109 , 'customer/del' , 'fa fa-circle-o' , '删除' , 0 , 'normal' , 1590573373 , 1590573373) [ RunTime:0.000211s ]
[ 2020-05-27T17:56:13+08:00 ][ sql ] [ SQL ] INSERT INTO `fa_auth_rule` (`id` , `pid` , `name` , `icon` , `title` , `ismenu` , `status` , `createtime` , `updatetime`) VALUES (NULL , 109 , 'customer/multi' , 'fa fa-circle-o' , '批量更新' , 0 , 'normal' , 1590573373 , 1590573373) [ RunTime:0.000203s ]
